{
  "RSpec": {
    "coverage": {
      "/Users/fredrondina/turing/2module/classwork/b2-mid-mod/config/environment.rb": {
        "lines": [
          null,
          1,
          null,
          null,
          1
        ]
      },
      "/Users/fredrondina/turing/2module/classwork/b2-mid-mod/config/application.rb": {
        "lines": [
          1,
          null,
          1,
          null,
          1,
          1,
          1,
          1,
          1,
          1,
          1,
          1,
          null,
          null,
          null,
          null,
          1,
          null,
          1,
          1,
          null,
          1,
          null,
          null,
          null,
          null,
          null,
          null,
          1,
          null,
          null
        ]
      },
      "/Users/fredrondina/turing/2module/classwork/b2-mid-mod/config/boot.rb": {
        "lines": [
          1,
          null,
          1
        ]
      },
      "/Users/fredrondina/turing/2module/classwork/b2-mid-mod/config/environments/test.rb": {
        "lines": [
          1,
          null,
          null,
          null,
          null,
          null,
          null,
          1,
          null,
          null,
          null,
          null,
          1,
          null,
          null,
          1,
          1,
          null,
          null,
          null,
          null,
          1,
          1,
          null,
          null,
          1,
          null,
          null,
          1,
          1,
          null,
          null,
          null,
          null,
          1,
          null,
          null,
          1,
          null,
          null,
          null,
          null
        ]
      },
      "/Users/fredrondina/turing/2module/classwork/b2-mid-mod/config/initializers/application_controller_renderer.rb": {
        "lines": [
          null,
          null,
          null,
          null,
          null,
          null,
          null,
          null
        ]
      },
      "/Users/fredrondina/turing/2module/classwork/b2-mid-mod/config/initializers/assets.rb": {
        "lines": [
          null,
          null,
          null,
          1,
          null,
          null,
          null,
          null,
          1,
          null,
          null,
          null,
          null,
          null
        ]
      },
      "/Users/fredrondina/turing/2module/classwork/b2-mid-mod/config/initializers/backtrace_silencers.rb": {
        "lines": [
          null,
          null,
          null,
          null,
          null,
          null,
          null
        ]
      },
      "/Users/fredrondina/turing/2module/classwork/b2-mid-mod/config/initializers/cookies_serializer.rb": {
        "lines": [
          null,
          null,
          null,
          null,
          1
        ]
      },
      "/Users/fredrondina/turing/2module/classwork/b2-mid-mod/config/initializers/filter_parameter_logging.rb": {
        "lines": [
          null,
          null,
          null,
          1
        ]
      },
      "/Users/fredrondina/turing/2module/classwork/b2-mid-mod/config/initializers/inflections.rb": {
        "lines": [
          null,
          null,
          null,
          null,
          null,
          null,
          null,
          null,
          null,
          null,
          null,
          null,
          null,
          null,
          null,
          null
        ]
      },
      "/Users/fredrondina/turing/2module/classwork/b2-mid-mod/config/initializers/mime_types.rb": {
        "lines": [
          null,
          null,
          null,
          null
        ]
      },
      "/Users/fredrondina/turing/2module/classwork/b2-mid-mod/config/initializers/wrap_parameters.rb": {
        "lines": [
          null,
          null,
          null,
          null,
          null,
          null,
          1,
          2,
          null,
          null,
          null,
          null,
          null,
          null
        ]
      },
      "/Users/fredrondina/turing/2module/classwork/b2-mid-mod/config/routes.rb": {
        "lines": [
          1,
          null,
          1,
          1,
          1,
          null,
          1,
          null
        ]
      },
      "/Users/fredrondina/turing/2module/classwork/b2-mid-mod/app/helpers/application_helper.rb": {
        "lines": [
          1,
          null
        ]
      },
      "/Users/fredrondina/turing/2module/classwork/b2-mid-mod/spec/features/mechanics/mechanic_show_page_spec.rb": {
        "lines": [
          1,
          null,
          1,
          1,
          1,
          null,
          1,
          null,
          1,
          1,
          null,
          null,
          1,
          1,
          null,
          1,
          null,
          1,
          1,
          null,
          1,
          1,
          null,
          1,
          null,
          1,
          1,
          1,
          null,
          null,
          null,
          1,
          1,
          null,
          1,
          null,
          1,
          1,
          null,
          1,
          null,
          1,
          null,
          1,
          1,
          null,
          1,
          1,
          null,
          1,
          1,
          1,
          null,
          null,
          null,
          null,
          null,
          null,
          null,
          null,
          null,
          null,
          null
        ]
      },
      "/Users/fredrondina/turing/2module/classwork/b2-mid-mod/spec/features/parks/park_show_page_spec.rb": {
        "lines": [
          1,
          null,
          1,
          1,
          1,
          1,
          null,
          1,
          null,
          1,
          1,
          null,
          1,
          null,
          1,
          1,
          null,
          null,
          1,
          1,
          null,
          1,
          1,
          null,
          1,
          null,
          1,
          null,
          1,
          null,
          null,
          1,
          1,
          null,
          1,
          1,
          null,
          1,
          null,
          1,
          null,
          null
        ]
      },
      "/Users/fredrondina/turing/2module/classwork/b2-mid-mod/spec/model/AmusmantPark_spec.rb": {
        "lines": [
          1,
          null,
          1,
          1,
          2,
          2,
          null,
          null,
          1,
          2,
          null,
          null,
          1,
          1,
          1,
          null,
          1,
          1,
          1,
          null,
          1,
          null,
          null,
          null,
          null,
          null
        ]
      },
      "/Users/fredrondina/turing/2module/classwork/b2-mid-mod/app/models/park.rb": {
        "lines": [
          1,
          null,
          1,
          1,
          null,
          1,
          5,
          null,
          null
        ]
      },
      "/Users/fredrondina/turing/2module/classwork/b2-mid-mod/app/models/application_record.rb": {
        "lines": [
          1,
          1,
          null
        ]
      },
      "/Users/fredrondina/turing/2module/classwork/b2-mid-mod/spec/model/mechanic_ride_spec.rb": {
        "lines": [
          1,
          null,
          1,
          1,
          2,
          2,
          null,
          null
        ]
      },
      "/Users/fredrondina/turing/2module/classwork/b2-mid-mod/app/models/mechanic_ride.rb": {
        "lines": [
          1,
          1,
          1,
          null
        ]
      },
      "/Users/fredrondina/turing/2module/classwork/b2-mid-mod/spec/model/mechanic_spec.rb": {
        "lines": [
          1,
          null,
          1,
          1,
          2,
          2,
          null,
          null,
          1,
          2,
          2,
          null,
          null
        ]
      },
      "/Users/fredrondina/turing/2module/classwork/b2-mid-mod/app/models/mechanic.rb": {
        "lines": [
          1,
          null,
          1,
          1,
          1,
          null
        ]
      },
      "/Users/fredrondina/turing/2module/classwork/b2-mid-mod/spec/model/ride_spec.rb": {
        "lines": [
          1,
          null,
          1,
          1,
          2,
          2,
          null,
          null,
          1,
          2,
          2,
          2,
          null,
          null
        ]
      },
      "/Users/fredrondina/turing/2module/classwork/b2-mid-mod/app/models/ride.rb": {
        "lines": [
          1,
          null,
          1,
          1,
          1,
          1,
          null
        ]
      },
      "/Users/fredrondina/turing/2module/classwork/b2-mid-mod/app/controllers/mechanics_controller.rb": {
        "lines": [
          1,
          null,
          1,
          1,
          null,
          null,
          1,
          4,
          null,
          null,
          1,
          1,
          1,
          1,
          1,
          null,
          null
        ]
      },
      "/Users/fredrondina/turing/2module/classwork/b2-mid-mod/app/controllers/application_controller.rb": {
        "lines": [
          1,
          1,
          null
        ]
      },
      "/Users/fredrondina/turing/2module/classwork/b2-mid-mod/app/controllers/parks_controller.rb": {
        "lines": [
          1,
          null,
          1,
          4,
          null,
          null,
          null
        ]
      }
    },
    "timestamp": 1585934713
  }
}
